Traceback (most recent call last):
  File "/usr/share/miniconda3/envs/test/lib/python3.11/site-packages/jupyter_cache/executors/utils.py", line 58, in single_nb_execution
    executenb(
  File "/usr/share/miniconda3/envs/test/lib/python3.11/site-packages/nbclient/client.py", line 1305, in execute
    return NotebookClient(nb=nb, resources=resources, km=km, **kwargs).execute()
           ^^^^^^^^^^^^^^^^^^^^^^^^^^^^^^^^^^^^^^^^^^^^^^^^^^^^^^^^^^^^^^^^^^^^^
  File "/usr/share/miniconda3/envs/test/lib/python3.11/site-packages/jupyter_core/utils/__init__.py", line 173, in wrapped
    return loop.run_until_complete(inner)
           ^^^^^^^^^^^^^^^^^^^^^^^^^^^^^^
  File "/usr/share/miniconda3/envs/test/lib/python3.11/asyncio/base_events.py", line 653, in run_until_complete
    return future.result()
           ^^^^^^^^^^^^^^^
  File "/usr/share/miniconda3/envs/test/lib/python3.11/site-packages/nbclient/client.py", line 705, in async_execute
    await self.async_execute_cell(
  File "/usr/share/miniconda3/envs/test/lib/python3.11/site-packages/nbclient/client.py", line 1058, in async_execute_cell
    await self._check_raise_for_error(cell, cell_index, exec_reply)
  File "/usr/share/miniconda3/envs/test/lib/python3.11/site-packages/nbclient/client.py", line 914, in _check_raise_for_error
    raise CellExecutionError.from_cell_and_msg(cell, exec_reply_content)
nbclient.exceptions.CellExecutionError: An error occurred while executing the following cell:
------------------
import shutil

shutil.copyfile('../files/data/data_for_packaging.csv', '../files/data/generated/data_for_packaging.csv')
package.resources[0].path = 'data_for_packaging.csv' # package is usually relative to the path of the file.
package.to_json('../files/data/generated/data_for_packaging.package.json')
------------------


[0;31m---------------------------------------------------------------------------[0m
[0;31mFileNotFoundError[0m                         Traceback (most recent call last)
Cell [0;32mIn[5], line 3[0m
[1;32m      1[0m [38;5;28;01mimport[39;00m [38;5;21;01mshutil[39;00m
[0;32m----> 3[0m [43mshutil[49m[38;5;241;43m.[39;49m[43mcopyfile[49m[43m([49m[38;5;124;43m'[39;49m[38;5;124;43m../files/data/data_for_packaging.csv[39;49m[38;5;124;43m'[39;49m[43m,[49m[43m [49m[38;5;124;43m'[39;49m[38;5;124;43m../files/data/generated/data_for_packaging.csv[39;49m[38;5;124;43m'[39;49m[43m)[49m
[1;32m      4[0m package[38;5;241m.[39mresources[[38;5;241m0[39m][38;5;241m.[39mpath [38;5;241m=[39m [38;5;124m'[39m[38;5;124mdata_for_packaging.csv[39m[38;5;124m'[39m [38;5;66;03m# package is usually relative to the path of the file.[39;00m
[1;32m      5[0m package[38;5;241m.[39mto_json([38;5;124m'[39m[38;5;124m../files/data/generated/data_for_packaging.package.json[39m[38;5;124m'[39m)

File [0;32m/usr/share/miniconda3/envs/test/lib/python3.11/shutil.py:258[0m, in [0;36mcopyfile[0;34m(src, dst, follow_symlinks)[0m
[1;32m    256[0m [38;5;28;01mwith[39;00m [38;5;28mopen[39m(src, [38;5;124m'[39m[38;5;124mrb[39m[38;5;124m'[39m) [38;5;28;01mas[39;00m fsrc:
[1;32m    257[0m     [38;5;28;01mtry[39;00m:
[0;32m--> 258[0m         [38;5;28;01mwith[39;00m [38;5;28;43mopen[39;49m[43m([49m[43mdst[49m[43m,[49m[43m [49m[38;5;124;43m'[39;49m[38;5;124;43mwb[39;49m[38;5;124;43m'[39;49m[43m)[49m [38;5;28;01mas[39;00m fdst:
[1;32m    259[0m             [38;5;66;03m# macOS[39;00m
[1;32m    260[0m             [38;5;28;01mif[39;00m _HAS_FCOPYFILE:
[1;32m    261[0m                 [38;5;28;01mtry[39;00m:

[0;31mFileNotFoundError[0m: [Errno 2] No such file or directory: '../files/data/generated/data_for_packaging.csv'

